0 info it worked if it ends with ok
1 verbose cli [ '/Users/george/.nvm/versions/node/v5.3.0/bin/node',
1 verbose cli   '/Users/george/.nvm/versions/node/v5.3.0/bin/npm',
1 verbose cli   'start' ]
2 info using npm@3.3.12
3 info using node@v5.3.0
4 verbose run-script [ 'prestart', 'start', 'poststart' ]
5 info lifecycle space-pixels@1.0.0~prestart: space-pixels@1.0.0
6 silly lifecycle space-pixels@1.0.0~prestart: no script for prestart, continuing
7 info lifecycle space-pixels@1.0.0~start: space-pixels@1.0.0
8 verbose lifecycle space-pixels@1.0.0~start: unsafe-perm in lifecycle true
9 verbose lifecycle space-pixels@1.0.0~start: PATH: /Users/george/.nvm/versions/node/v5.3.0/lib/node_modules/npm/bin/node-gyp-bin:/Users/george/job/citilo/lab/stuff/google-pixels/node_modules/.bin:/Users/george/.rvm/gems/ruby-2.0.0-p481/bin:/Users/george/.rvm/gems/ruby-2.0.0-p481@global/bin:/Users/george/.rvm/rubies/ruby-2.0.0-p481/bin:/Users/george/.nvm/versions/node/v5.3.0/bin:/Users/george/.composer/vendor/bin:/Applications/MAMP/bin/php/php5.4.10/bin:/Applications/MAMP/Library/bin:/usr/local/sbin:/usr/local/bin:/usr/bin:/bin:/usr/sbin:/sbin:/usr/X11/bin:/usr/local/share/npm/bin:/Users/george/.rvm/bin:/usr/local/heroku/bin
10 verbose lifecycle space-pixels@1.0.0~start: CWD: /Users/george/job/citilo/lab/stuff/google-pixels
11 silly lifecycle space-pixels@1.0.0~start: Args: [ '-c',
11 silly lifecycle   'webpack-dev-server --no-info --inline --hot --colors --port=8823 --content-base src/' ]
12 silly lifecycle space-pixels@1.0.0~start: Returned: code: 1  signal: null
13 info lifecycle space-pixels@1.0.0~start: Failed to exec start script
14 verbose stack Error: space-pixels@1.0.0 start: `webpack-dev-server --no-info --inline --hot --colors --port=8823 --content-base src/`
14 verbose stack Exit status 1
14 verbose stack     at EventEmitter.<anonymous> (/Users/george/.nvm/versions/node/v5.3.0/lib/node_modules/npm/lib/utils/lifecycle.js:232:16)
14 verbose stack     at emitTwo (events.js:87:13)
14 verbose stack     at EventEmitter.emit (events.js:172:7)
14 verbose stack     at ChildProcess.<anonymous> (/Users/george/.nvm/versions/node/v5.3.0/lib/node_modules/npm/lib/utils/spawn.js:24:14)
14 verbose stack     at emitTwo (events.js:87:13)
14 verbose stack     at ChildProcess.emit (events.js:172:7)
14 verbose stack     at maybeClose (internal/child_process.js:818:16)
14 verbose stack     at Process.ChildProcess._handle.onexit (internal/child_process.js:211:5)
15 verbose pkgid space-pixels@1.0.0
16 verbose cwd /Users/george/job/citilo/lab/stuff/google-pixels
17 error Darwin 15.5.0
18 error argv "/Users/george/.nvm/versions/node/v5.3.0/bin/node" "/Users/george/.nvm/versions/node/v5.3.0/bin/npm" "start"
19 error node v5.3.0
20 error npm  v3.3.12
21 error code ELIFECYCLE
22 error space-pixels@1.0.0 start: `webpack-dev-server --no-info --inline --hot --colors --port=8823 --content-base src/`
22 error Exit status 1
23 error Failed at the space-pixels@1.0.0 start script 'webpack-dev-server --no-info --inline --hot --colors --port=8823 --content-base src/'.
23 error Make sure you have the latest version of node.js and npm installed.
23 error If you do, this is most likely a problem with the space-pixels package,
23 error not with npm itself.
23 error Tell the author that this fails on your system:
23 error     webpack-dev-server --no-info --inline --hot --colors --port=8823 --content-base src/
23 error You can get their info via:
23 error     npm owner ls space-pixels
23 error There is likely additional logging output above.
24 verbose exit [ 1, true ]
